[   115.315] (WW) Failed to open protocol names file lib/xorg/protocol.txt
[   115.316] 
X.Org X Server 1.20.5
X Protocol Version 11, Revision 0
[   115.316] Build Operating System: Linux Arch Linux
[   115.316] Current Operating System: Linux arch 5.2.5-arch1-1-ARCH #1 SMP PREEMPT Wed Jul 31 08:30:34 UTC 2019 x86_64
[   115.316] Kernel command line: BOOT_IMAGE=/boot/vmlinuz-linux root=UUID=b3f91539-5038-4d29-a366-73bf640b4291 rw loglevel=3 quiet
[   115.317] Build Date: 30 June 2019  09:52:01AM
[   115.317]  
[   115.317] Current version of pixman: 0.38.4
[   115.317] 	Before reporting problems, check http://wiki.x.org
	to make sure that you have the latest version.
[   115.317] Markers: (--) probed, (**) from config file, (==) default setting,
	(++) from command line, (!!) notice, (II) informational,
	(WW) warning, (EE) error, (NI) not implemented, (??) unknown.
[   115.318] (==) Log file: "/home/charl/.local/share/xorg/Xorg.0.log", Time: Sun Aug  4 21:41:26 2019
[   115.321] (==) Using system config directory "/usr/share/X11/xorg.conf.d"
[   115.321] (==) No Layout section.  Using the first Screen section.
[   115.321] (==) No screen section available. Using defaults.
[   115.321] (**) |-->Screen "Default Screen Section" (0)
[   115.321] (**) |   |-->Monitor "<default monitor>"
[   115.322] (==) No monitor specified for screen "Default Screen Section".
	Using a default monitor configuration.
[   115.322] (==) Automatically adding devices
[   115.322] (==) Automatically enabling devices
[   115.322] (==) Automatically adding GPU devices
[   115.322] (==) Automatically binding GPU devices
[   115.322] (==) Max clients allowed: 256, resource mask: 0x1fffff
[   115.324] (WW) The directory "/usr/share/fonts/misc" does not exist.
[   115.324] 	Entry deleted from font path.
[   115.324] (WW) The directory "/usr/share/fonts/TTF" does not exist.
[   115.324] 	Entry deleted from font path.
[   115.324] (WW) The directory "/usr/share/fonts/OTF" does not exist.
[   115.324] 	Entry deleted from font path.
[   115.324] (WW) The directory "/usr/share/fonts/Type1" does not exist.
[   115.324] 	Entry deleted from font path.
[   115.324] (WW) The directory "/usr/share/fonts/100dpi" does not exist.
[   115.324] 	Entry deleted from font path.
[   115.324] (WW) The directory "/usr/share/fonts/75dpi" does not exist.
[   115.324] 	Entry deleted from font path.
[   115.324] (==) FontPath set to:
	
[   115.324] (==) ModulePath set to "/usr/lib/xorg/modules"
[   115.324] (II) The server relies on udev to provide the list of input devices.
	If no devices become available, reconfigure udev or disable AutoAddDevices.
[   115.324] (II) Module ABI versions:
[   115.325] 	X.Org ANSI C Emulation: 0.4
[   115.325] 	X.Org Video Driver: 24.0
[   115.325] 	X.Org XInput driver : 24.1
[   115.325] 	X.Org Server Extension : 10.0
[   115.326] (++) using VT number 1

[   115.326] (--) controlling tty is VT number 1, auto-enabling KeepTty
[   115.329] (II) systemd-logind: took control of session /org/freedesktop/login1/session/_31
[   115.331] (II) xfree86: Adding drm device (/dev/dri/card0)
[   115.333] (II) systemd-logind: got fd for /dev/dri/card0 226:0 fd 10 paused 0
[   115.342] (--) PCI:*(0@0:2:0) 8086:2a42:17aa:20e5 rev 7, Mem @ 0xf4400000/4194304, 0xd0000000/268435456, I/O @ 0x00001800/8, BIOS @ 0x????????/131072
[   115.342] (--) PCI: (0@0:2:1) 8086:2a43:17aa:20e5 rev 7, Mem @ 0xf4200000/1048576
[   115.342] (WW) Open ACPI failed (/var/run/acpid.socket) (No such file or directory)
[   115.342] (II) LoadModule: "glx"
[   115.344] (II) Loading /usr/lib/xorg/modules/extensions/libglx.so
[   115.359] (II) Module glx: vendor="X.Org Foundation"
[   115.359] 	compiled for 1.20.5, module version = 1.0.0
[   115.359] 	ABI class: X.Org Server Extension, version 10.0
[   115.359] (==) Matched intel as autoconfigured driver 0
[   115.359] (==) Matched modesetting as autoconfigured driver 1
[   115.359] (==) Matched fbdev as autoconfigured driver 2
[   115.359] (==) Matched vesa as autoconfigured driver 3
[   115.359] (==) Assigned the driver to the xf86ConfigLayout
[   115.359] (II) LoadModule: "intel"
[   115.360] (WW) Warning, couldn't open module intel
[   115.360] (EE) Failed to load module "intel" (module does not exist, 0)
[   115.360] (II) LoadModule: "modesetting"
[   115.360] (II) Loading /usr/lib/xorg/modules/drivers/modesetting_drv.so
[   115.364] (II) Module modesetting: vendor="X.Org Foundation"
[   115.364] 	compiled for 1.20.5, module version = 1.20.5
[   115.364] 	Module class: X.Org Video Driver
[   115.364] 	ABI class: X.Org Video Driver, version 24.0
[   115.364] (II) LoadModule: "fbdev"
[   115.365] (WW) Warning, couldn't open module fbdev
[   115.365] (EE) Failed to load module "fbdev" (module does not exist, 0)
[   115.365] (II) LoadModule: "vesa"
[   115.365] (WW) Warning, couldn't open module vesa
[   115.365] (EE) Failed to load module "vesa" (module does not exist, 0)
[   115.365] (II) modesetting: Driver for Modesetting Kernel Drivers: kms
[   115.365] (II) modeset(0): using drv /dev/dri/card0
[   115.365] (WW) VGA arbiter: cannot open kernel arbiter, no multi-card support
[   115.365] (II) modeset(0): Creating default Display subsection in Screen section
	"Default Screen Section" for depth/fbbpp 24/32
[   115.365] (==) modeset(0): Depth 24, (==) framebuffer bpp 32
[   115.365] (==) modeset(0): RGB weight 888
[   115.365] (==) modeset(0): Default visual is TrueColor
[   115.365] (II) Loading sub module "glamoregl"
[   115.365] (II) LoadModule: "glamoregl"
[   115.365] (II) Loading /usr/lib/xorg/modules/libglamoregl.so
[   115.379] (II) Module glamoregl: vendor="X.Org Foundation"
[   115.379] 	compiled for 1.20.5, module version = 1.0.1
[   115.379] 	ABI class: X.Org ANSI C Emulation, version 0.4
[   115.483] (II) modeset(0): glamor X acceleration enabled on Mesa DRI Mobile Intel® GM45 Express Chipset 
[   115.483] (II) modeset(0): glamor initialized
[   115.484] (II) modeset(0): Output LVDS-1 has no monitor section
[   115.492] (II) modeset(0): Output VGA-1 has no monitor section
[   115.494] (II) modeset(0): Output HDMI-1 has no monitor section
[   115.574] (II) modeset(0): Output DP-1 has no monitor section
[   115.574] (II) modeset(0): Output DP-2 has no monitor section
[   115.575] (II) modeset(0): EDID for output LVDS-1
[   115.575] (II) modeset(0): Manufacturer: LEN  Model: 4050  Serial#: 0
[   115.575] (II) modeset(0): Year: 2007  Week: 0
[   115.575] (II) modeset(0): EDID Version: 1.3
[   115.575] (II) modeset(0): Digital Display Input
[   115.575] (II) modeset(0): Max Image Size [cm]: horiz.: 33  vert.: 21
[   115.575] (II) modeset(0): Gamma: 2.20
[   115.575] (II) modeset(0): DPMS capabilities: StandBy Suspend Off
[   115.575] (II) modeset(0): Supported color encodings: RGB 4:4:4 YCrCb 4:4:4 
[   115.575] (II) modeset(0): First detailed timing is preferred mode
[   115.575] (II) modeset(0): redX: 0.600 redY: 0.351   greenX: 0.324 greenY: 0.554
[   115.576] (II) modeset(0): blueX: 0.153 blueY: 0.145   whiteX: 0.312 whiteY: 0.328
[   115.576] (II) modeset(0): Manufacturer's mask: 0
[   115.576] (II) modeset(0): Supported detailed timing:
[   115.576] (II) modeset(0): clock: 69.3 MHz   Image Size:  331 x 207 mm
[   115.576] (II) modeset(0): h_active: 1280  h_sync: 1304  h_sync_end 1336 h_blank_end 1408 h_border: 0
[   115.576] (II) modeset(0): v_active: 800  v_sync: 804  v_sync_end 808 v_blanking: 820 v_border: 0
[   115.576] (II) modeset(0): Supported detailed timing:
[   115.576] (II) modeset(0): clock: 57.8 MHz   Image Size:  331 x 207 mm
[   115.576] (II) modeset(0): h_active: 1280  h_sync: 1304  h_sync_end 1336 h_blank_end 1408 h_border: 0
[   115.576] (II) modeset(0): v_active: 800  v_sync: 804  v_sync_end 808 v_blanking: 820 v_border: 0
[   115.576] (II) modeset(0): Unknown vendor-specific block f
[   115.576] (II) modeset(0):  154WX5-TLB2
[   115.576] (II) modeset(0): EDID (in hex):
[   115.576] (II) modeset(0): 	00ffffffffffff0030ae504000000000
[   115.576] (II) modeset(0): 	0011010380211578eab3409959538d27
[   115.576] (II) modeset(0): 	25505400000001010101010101010101
[   115.576] (II) modeset(0): 	010101010101121b0080502014301820
[   115.576] (II) modeset(0): 	44004bcf100000199416008050201430
[   115.576] (II) modeset(0): 	182044004bcf100000190000000f0081
[   115.576] (II) modeset(0): 	0a32810a28140100320c011b000000fe
[   115.576] (II) modeset(0): 	003135345758352d544c42320a200014
[   115.576] (II) modeset(0): Printing probed modes for output LVDS-1
[   115.576] (II) modeset(0): Modeline "1280x800"x60.0   69.30  1280 1304 1336 1408  800 804 808 820 -hsync -vsync (49.2 kHz eP)
[   115.576] (II) modeset(0): Modeline "1280x800"x120.0  174.25  1280 1380 1516 1752  800 801 804 829 doublescan -hsync +vsync (99.5 kHz d)
[   115.577] (II) modeset(0): Modeline "1280x800"x119.9  134.25  1280 1304 1320 1360  800 801 804 823 doublescan +hsync -vsync (98.7 kHz d)
[   115.577] (II) modeset(0): Modeline "1280x800"x59.8   83.50  1280 1352 1480 1680  800 803 809 831 -hsync +vsync (49.7 kHz d)
[   115.577] (II) modeset(0): Modeline "1280x800"x59.9   71.00  1280 1328 1360 1440  800 803 809 823 +hsync -vsync (49.3 kHz d)
[   115.577] (II) modeset(0): Modeline "1280x800"x50.1   57.80  1280 1304 1336 1408  800 804 808 820 -hsync -vsync (41.1 kHz e)
[   115.577] (II) modeset(0): Modeline "1280x720"x120.0  156.12  1280 1376 1512 1744  720 721 724 746 doublescan -hsync +vsync (89.5 kHz d)
[   115.577] (II) modeset(0): Modeline "1280x720"x120.0  120.75  1280 1304 1320 1360  720 721 724 740 doublescan +hsync -vsync (88.8 kHz d)
[   115.577] (II) modeset(0): Modeline "1280x720"x59.9   74.50  1280 1344 1472 1664  720 723 728 748 -hsync +vsync (44.8 kHz d)
[   115.577] (II) modeset(0): Modeline "1280x720"x59.7   63.75  1280 1328 1360 1440  720 723 728 741 +hsync -vsync (44.3 kHz d)
[   115.577] (II) modeset(0): Modeline "1024x768"x120.1  133.47  1024 1100 1212 1400  768 768 770 794 doublescan -hsync +vsync (95.3 kHz d)
[   115.577] (II) modeset(0): Modeline "1024x768"x60.0   65.00  1024 1048 1184 1344  768 771 777 806 -hsync -vsync (48.4 kHz d)
[   115.577] (II) modeset(0): Modeline "960x720"x120.0  117.00  960 1024 1128 1300  720 720 722 750 doublescan -hsync +vsync (90.0 kHz d)
[   115.577] (II) modeset(0): Modeline "928x696"x120.1  109.15  928 976 1088 1264  696 696 698 719 doublescan -hsync +vsync (86.4 kHz d)
[   115.577] (II) modeset(0): Modeline "896x672"x120.0  102.40  896 960 1060 1224  672 672 674 697 doublescan -hsync +vsync (83.7 kHz d)
[   115.577] (II) modeset(0): Modeline "1024x576"x119.9   98.50  1024 1092 1200 1376  576 577 580 597 doublescan -hsync +vsync (71.6 kHz d)
[   115.577] (II) modeset(0): Modeline "1024x576"x119.9   78.38  1024 1048 1064 1104  576 577 580 592 doublescan +hsync -vsync (71.0 kHz d)
[   115.577] (II) modeset(0): Modeline "1024x576"x59.9   46.50  1024 1064 1160 1296  576 579 584 599 -hsync +vsync (35.9 kHz d)
[   115.577] (II) modeset(0): Modeline "1024x576"x59.8   42.00  1024 1072 1104 1184  576 579 584 593 +hsync -vsync (35.5 kHz d)
[   115.577] (II) modeset(0): Modeline "960x600"x119.9   96.62  960 1028 1128 1296  600 601 604 622 doublescan -hsync +vsync (74.6 kHz d)
[   115.577] (II) modeset(0): Modeline "960x600"x120.0   77.00  960 984 1000 1040  600 601 604 617 doublescan +hsync -vsync (74.0 kHz d)
[   115.577] (II) modeset(0): Modeline "960x540"x119.9   86.50  960 1024 1124 1288  540 541 544 560 doublescan -hsync +vsync (67.2 kHz d)
[   115.577] (II) modeset(0): Modeline "960x540"x120.0   69.25  960 984 1000 1040  540 541 544 555 doublescan +hsync -vsync (66.6 kHz d)
[   115.577] (II) modeset(0): Modeline "960x540"x59.6   40.75  960 992 1088 1216  540 543 548 562 -hsync +vsync (33.5 kHz d)
[   115.577] (II) modeset(0): Modeline "960x540"x59.8   37.25  960 1008 1040 1120  540 543 548 556 +hsync -vsync (33.3 kHz d)
[   115.577] (II) modeset(0): Modeline "800x600"x120.0   81.00  800 832 928 1080  600 600 602 625 doublescan +hsync +vsync (75.0 kHz d)
[   115.577] (II) modeset(0): Modeline "800x600"x60.3   40.00  800 840 968 1056  600 601 605 628 +hsync +vsync (37.9 kHz d)
[   115.577] (II) modeset(0): Modeline "800x600"x56.2   36.00  800 824 896 1024  600 601 603 625 +hsync +vsync (35.2 kHz d)
[   115.577] (II) modeset(0): Modeline "840x525"x120.0   73.12  840 892 980 1120  525 526 529 544 doublescan -hsync +vsync (65.3 kHz d)
[   115.577] (II) modeset(0): Modeline "840x525"x119.8   59.50  840 864 880 920  525 526 529 540 doublescan +hsync -vsync (64.7 kHz d)
[   115.577] (II) modeset(0): Modeline "864x486"x59.9   32.50  864 888 968 1072  486 489 494 506 -hsync +vsync (30.3 kHz d)
[   115.577] (II) modeset(0): Modeline "864x486"x59.6   30.50  864 912 944 1024  486 489 494 500 +hsync -vsync (29.8 kHz d)
[   115.577] (II) modeset(0): Modeline "700x525"x120.0   61.00  700 744 820 940  525 526 532 541 doublescan +hsync +vsync (64.9 kHz d)
[   115.577] (II) modeset(0): Modeline "800x450"x119.9   59.12  800 848 928 1056  450 451 454 467 doublescan -hsync +vsync (56.0 kHz d)
[   115.577] (II) modeset(0): Modeline "800x450"x119.6   48.75  800 824 840 880  450 451 454 463 doublescan +hsync -vsync (55.4 kHz d)
[   115.577] (II) modeset(0): Modeline "640x512"x120.0   54.00  640 664 720 844  512 512 514 533 doublescan +hsync +vsync (64.0 kHz d)
[   115.577] (II) modeset(0): Modeline "700x450"x119.9   51.75  700 740 812 924  450 451 456 467 doublescan -hsync +vsync (56.0 kHz d)
[   115.577] (II) modeset(0): Modeline "700x450"x119.8   43.25  700 724 740 780  450 451 456 463 doublescan +hsync -vsync (55.4 kHz d)
[   115.577] (II) modeset(0): Modeline "640x480"x120.0   54.00  640 688 744 900  480 480 482 500 doublescan +hsync +vsync (60.0 kHz d)
[   115.577] (II) modeset(0): Modeline "640x480"x59.9   25.18  640 656 752 800  480 490 492 525 -hsync -vsync (31.5 kHz d)
[   115.577] (II) modeset(0): Modeline "720x405"x59.5   22.50  720 744 808 896  405 408 413 422 -hsync +vsync (25.1 kHz d)
[   115.578] (II) modeset(0): Modeline "720x405"x59.0   21.75  720 768 800 880  405 408 413 419 +hsync -vsync (24.7 kHz d)
[   115.578] (II) modeset(0): Modeline "684x384"x119.8   42.62  684 720 788 892  384 385 390 399 doublescan -hsync +vsync (47.8 kHz d)
[   115.578] (II) modeset(0): Modeline "684x384"x119.7   36.12  684 708 724 764  384 385 390 395 doublescan +hsync -vsync (47.3 kHz d)
[   115.578] (II) modeset(0): Modeline "640x400"x119.8   41.75  640 676 740 840  400 401 404 415 doublescan -hsync +vsync (49.7 kHz d)
[   115.578] (II) modeset(0): Modeline "640x400"x120.0   35.50  640 664 680 720  400 401 404 411 doublescan +hsync -vsync (49.3 kHz d)
[   115.578] (II) modeset(0): Modeline "640x360"x119.7   37.25  640 672 736 832  360 361 364 374 doublescan -hsync +vsync (44.8 kHz d)
[   115.578] (II) modeset(0): Modeline "640x360"x119.7   31.88  640 664 680 720  360 361 364 370 doublescan +hsync -vsync (44.3 kHz d)
[   115.578] (II) modeset(0): Modeline "640x360"x59.8   18.00  640 664 720 800  360 363 368 376 -hsync +vsync (22.5 kHz d)
[   115.578] (II) modeset(0): Modeline "640x360"x59.3   17.75  640 688 720 800  360 363 368 374 +hsync -vsync (22.2 kHz d)
[   115.578] (II) modeset(0): Modeline "512x384"x120.0   32.50  512 524 592 672  384 385 388 403 doublescan -hsync -vsync (48.4 kHz d)
[   115.578] (II) modeset(0): Modeline "512x288"x120.0   23.25  512 532 580 648  288 289 292 299 doublescan -hsync +vsync (35.9 kHz d)
[   115.578] (II) modeset(0): Modeline "512x288"x119.8   21.00  512 536 552 592  288 289 292 296 doublescan +hsync -vsync (35.5 kHz d)
[   115.578] (II) modeset(0): Modeline "480x270"x119.3   20.38  480 496 544 608  270 271 274 281 doublescan -hsync +vsync (33.5 kHz d)
[   115.578] (II) modeset(0): Modeline "480x270"x119.6   18.62  480 504 520 560  270 271 274 278 doublescan +hsync -vsync (33.3 kHz d)
[   115.578] (II) modeset(0): Modeline "400x300"x120.6   20.00  400 420 484 528  300 300 302 314 doublescan +hsync +vsync (37.9 kHz d)
[   115.578] (II) modeset(0): Modeline "400x300"x112.7   18.00  400 412 448 512  300 300 301 312 doublescan +hsync +vsync (35.2 kHz d)
[   115.578] (II) modeset(0): Modeline "432x243"x119.8   16.25  432 444 484 536  243 244 247 253 doublescan -hsync +vsync (30.3 kHz d)
[   115.578] (II) modeset(0): Modeline "432x243"x119.1   15.25  432 456 472 512  243 244 247 250 doublescan +hsync -vsync (29.8 kHz d)
[   115.578] (II) modeset(0): Modeline "320x240"x120.1   12.59  320 328 376 400  240 245 246 262 doublescan -hsync -vsync (31.5 kHz d)
[   115.578] (II) modeset(0): Modeline "360x202"x119.0   11.25  360 372 404 448  202 204 206 211 doublescan -hsync +vsync (25.1 kHz d)
[   115.578] (II) modeset(0): Modeline "360x202"x118.3   10.88  360 384 400 440  202 204 206 209 doublescan +hsync -vsync (24.7 kHz d)
[   115.578] (II) modeset(0): Modeline "320x180"x119.7    9.00  320 332 360 400  180 181 184 188 doublescan -hsync +vsync (22.5 kHz d)
[   115.578] (II) modeset(0): Modeline "320x180"x118.6    8.88  320 344 360 400  180 181 184 187 doublescan +hsync -vsync (22.2 kHz d)
[   115.586] (II) modeset(0): EDID for output VGA-1
[   115.588] (II) modeset(0): EDID for output HDMI-1
[   115.667] (II) modeset(0): EDID for output DP-1
[   115.667] (II) modeset(0): EDID for output DP-2
[   115.667] (II) modeset(0): Output LVDS-1 connected
[   115.667] (II) modeset(0): Output VGA-1 disconnected
[   115.667] (II) modeset(0): Output HDMI-1 disconnected
[   115.667] (II) modeset(0): Output DP-1 disconnected
[   115.667] (II) modeset(0): Output DP-2 disconnected
[   115.667] (II) modeset(0): Using exact sizes for initial modes
[   115.667] (II) modeset(0): Output LVDS-1 using initial mode 1280x800 +0+0
[   115.667] (==) modeset(0): Using gamma correction (1.0, 1.0, 1.0)
[   115.667] (==) modeset(0): DPI set to (96, 96)
[   115.667] (II) Loading sub module "fb"
[   115.667] (II) LoadModule: "fb"
[   115.668] (II) Loading /usr/lib/xorg/modules/libfb.so
[   115.669] (II) Module fb: vendor="X.Org Foundation"
[   115.669] 	compiled for 1.20.5, module version = 1.0.0
[   115.669] 	ABI class: X.Org ANSI C Emulation, version 0.4
[   115.876] (==) modeset(0): Backing store enabled
[   115.876] (==) modeset(0): Silken mouse disabled
[   115.909] (II) modeset(0): Initializing kms color map for depth 24, 8 bpc.
[   115.910] (==) modeset(0): DPMS enabled
[   115.910] (II) modeset(0): [DRI2] Setup complete
[   115.911] (II) modeset(0): [DRI2]   DRI driver: i965
[   115.911] (II) modeset(0): [DRI2]   VDPAU driver: i965
[   115.911] (II) Initializing extension Generic Event Extension
[   115.911] (II) Initializing extension SHAPE
[   115.911] (II) Initializing extension MIT-SHM
[   115.911] (II) Initializing extension XInputExtension
[   115.911] (II) Initializing extension XTEST
[   115.911] (II) Initializing extension BIG-REQUESTS
[   115.911] (II) Initializing extension SYNC
[   115.911] (II) Initializing extension XKEYBOARD
[   115.911] (II) Initializing extension XC-MISC
[   115.911] (II) Initializing extension SECURITY
[   115.911] (II) Initializing extension XFIXES
[   115.911] (II) Initializing extension RENDER
[   115.911] (II) Initializing extension RANDR
[   115.911] (II) Initializing extension COMPOSITE
[   115.911] (II) Initializing extension DAMAGE
[   115.911] (II) Initializing extension MIT-SCREEN-SAVER
[   115.911] (II) Initializing extension DOUBLE-BUFFER
[   115.911] (II) Initializing extension RECORD
[   115.911] (II) Initializing extension DPMS
[   115.911] (II) Initializing extension Present
[   115.911] (II) Initializing extension DRI3
[   115.911] (II) Initializing extension X-Resource
[   115.911] (II) Initializing extension XVideo
[   115.911] (II) Initializing extension XVideo-MotionCompensation
[   115.911] (II) Initializing extension GLX
[   115.925] (II) AIGLX: Loaded and initialized i965
[   115.925] (II) GLX: Initialized DRI2 GL provider for screen 0
[   115.925] (II) Initializing extension XFree86-VidModeExtension
[   115.925] (II) Initializing extension XFree86-DGA
[   115.925] (II) Initializing extension XFree86-DRI
[   115.925] (II) Initializing extension DRI2
[   115.929] (II) modeset(0): Damage tracking initialized
[   115.929] (II) modeset(0): Setting screen physical size to 338 x 211
[   116.034] (II) config/udev: Adding input device Power Button (/dev/input/event2)
[   116.034] (**) Power Button: Applying InputClass "libinput keyboard catchall"
[   116.034] (II) LoadModule: "libinput"
[   116.034] (II) Loading /usr/lib/xorg/modules/input/libinput_drv.so
[   116.042] (II) Module libinput: vendor="X.Org Foundation"
[   116.042] 	compiled for 1.20.3, module version = 0.28.2
[   116.042] 	Module class: X.Org XInput Driver
[   116.042] 	ABI class: X.Org XInput driver, version 24.1
[   116.042] (II) Using input driver 'libinput' for 'Power Button'
[   116.044] (II) systemd-logind: got fd for /dev/input/event2 13:66 fd 14 paused 0
[   116.044] (**) Power Button: always reports core events
[   116.044] (**) Option "Device" "/dev/input/event2"
[   116.044] (**) Option "_source" "server/udev"
[   116.054] (II) event2  - Power Button: is tagged by udev as: Keyboard
[   116.054] (II) event2  - Power Button: device is a keyboard
[   116.054] (II) event2  - Power Button: device removed
[   116.054] (**) Option "config_info" "udev:/sys/devices/LNXSYSTM:00/LNXPWRBN:00/input/input2/event2"
[   116.054] (II) XINPUT: Adding extended input device "Power Button" (type: KEYBOARD, id 6)
[   116.056] (II) event2  - Power Button: is tagged by udev as: Keyboard
[   116.056] (II) event2  - Power Button: device is a keyboard
[   116.057] (II) config/udev: Adding input device Video Bus (/dev/input/event12)
[   116.057] (**) Video Bus: Applying InputClass "libinput keyboard catchall"
[   116.057] (II) Using input driver 'libinput' for 'Video Bus'
[   116.059] (II) systemd-logind: got fd for /dev/input/event12 13:76 fd 17 paused 0
[   116.059] (**) Video Bus: always reports core events
[   116.059] (**) Option "Device" "/dev/input/event12"
[   116.059] (**) Option "_source" "server/udev"
[   116.061] (II) event12 - Video Bus: is tagged by udev as: Keyboard
[   116.061] (II) event12 - Video Bus: device is a keyboard
[   116.062] (II) event12 - Video Bus: device removed
[   116.062] (**) Option "config_info" "udev:/sys/devices/LNXSYSTM:00/LNXSYBUS:00/PNP0A08:00/LNXVIDEO:00/input/input13/event12"
[   116.062] (II) XINPUT: Adding extended input device "Video Bus" (type: KEYBOARD, id 7)
[   116.064] (II) event12 - Video Bus: is tagged by udev as: Keyboard
[   116.064] (II) event12 - Video Bus: device is a keyboard
[   116.065] (II) config/udev: Adding input device Lid Switch (/dev/input/event0)
[   116.065] (II) No input driver specified, ignoring this device.
[   116.065] (II) This device may have been added with another device file.
[   116.066] (II) config/udev: Adding input device Sleep Button (/dev/input/event1)
[   116.066] (**) Sleep Button: Applying InputClass "libinput keyboard catchall"
[   116.066] (II) Using input driver 'libinput' for 'Sleep Button'
[   116.068] (II) systemd-logind: got fd for /dev/input/event1 13:65 fd 18 paused 0
[   116.069] (**) Sleep Button: always reports core events
[   116.069] (**) Option "Device" "/dev/input/event1"
[   116.069] (**) Option "_source" "server/udev"
[   116.070] (II) event1  - Sleep Button: is tagged by udev as: Keyboard
[   116.071] (II) event1  - Sleep Button: device is a keyboard
[   116.071] (II) event1  - Sleep Button: device removed
[   116.071] (**) Option "config_info" "udev:/sys/devices/LNXSYSTM:00/LNXSYBUS:00/PNP0C0E:00/input/input1/event1"
[   116.071] (II) XINPUT: Adding extended input device "Sleep Button" (type: KEYBOARD, id 8)
[   116.073] (II) event1  - Sleep Button: is tagged by udev as: Keyboard
[   116.073] (II) event1  - Sleep Button: device is a keyboard
[   116.075] (II) config/udev: Adding input device HDA Intel Dock Headphone (/dev/input/event8)
[   116.075] (II) No input driver specified, ignoring this device.
[   116.075] (II) This device may have been added with another device file.
[   116.076] (II) config/udev: Adding input device HDA Intel Headphone (/dev/input/event9)
[   116.076] (II) No input driver specified, ignoring this device.
[   116.076] (II) This device may have been added with another device file.
[   116.077] (II) config/udev: Adding input device HDA Intel Mic (/dev/input/event6)
[   116.077] (II) No input driver specified, ignoring this device.
[   116.077] (II) This device may have been added with another device file.
[   116.078] (II) config/udev: Adding input device HDA Intel Dock Mic (/dev/input/event7)
[   116.078] (II) No input driver specified, ignoring this device.
[   116.078] (II) This device may have been added with another device file.
[   116.079] (II) config/udev: Adding input device AT Translated Set 2 keyboard (/dev/input/event3)
[   116.079] (**) AT Translated Set 2 keyboard: Applying InputClass "libinput keyboard catchall"
[   116.079] (II) Using input driver 'libinput' for 'AT Translated Set 2 keyboard'
[   116.081] (II) systemd-logind: got fd for /dev/input/event3 13:67 fd 19 paused 0
[   116.081] (**) AT Translated Set 2 keyboard: always reports core events
[   116.081] (**) Option "Device" "/dev/input/event3"
[   116.081] (**) Option "_source" "server/udev"
[   116.084] (II) event3  - AT Translated Set 2 keyboard: is tagged by udev as: Keyboard
[   116.084] (II) event3  - AT Translated Set 2 keyboard: device is a keyboard
[   116.085] (II) event3  - AT Translated Set 2 keyboard: device removed
[   116.085] (**) Option "config_info" "udev:/sys/devices/platform/i8042/serio0/input/input3/event3"
[   116.085] (II) XINPUT: Adding extended input device "AT Translated Set 2 keyboard" (type: KEYBOARD, id 9)
[   116.087] (II) event3  - AT Translated Set 2 keyboard: is tagged by udev as: Keyboard
[   116.087] (II) event3  - AT Translated Set 2 keyboard: device is a keyboard
[   116.089] (II) config/udev: Adding input device AlpsPS/2 ALPS DualPoint Stick (/dev/input/event10)
[   116.089] (**) AlpsPS/2 ALPS DualPoint Stick: Applying InputClass "libinput pointer catchall"
[   116.089] (II) Using input driver 'libinput' for 'AlpsPS/2 ALPS DualPoint Stick'
[   116.092] (II) systemd-logind: got fd for /dev/input/event10 13:74 fd 20 paused 0
[   116.092] (**) AlpsPS/2 ALPS DualPoint Stick: always reports core events
[   116.092] (**) Option "Device" "/dev/input/event10"
[   116.092] (**) Option "_source" "server/udev"
[   116.094] (II) event10 - AlpsPS/2 ALPS DualPoint Stick: is tagged by udev as: Mouse Pointingstick
[   116.095] (II) event10 - AlpsPS/2 ALPS DualPoint Stick: device is a pointer
[   116.096] (II) event10 - AlpsPS/2 ALPS DualPoint Stick: device removed
[   116.096] (**) Option "config_info" "udev:/sys/devices/platform/i8042/serio1/input/input12/event10"
[   116.096] (II) XINPUT: Adding extended input device "AlpsPS/2 ALPS DualPoint Stick" (type: MOUSE, id 10)
[   116.096] (**) Option "AccelerationScheme" "none"
[   116.096] (**) AlpsPS/2 ALPS DualPoint Stick: (accel) selected scheme none/0
[   116.096] (**) AlpsPS/2 ALPS DualPoint Stick: (accel) acceleration factor: 2.000
[   116.096] (**) AlpsPS/2 ALPS DualPoint Stick: (accel) acceleration threshold: 4
[   116.099] (II) event10 - AlpsPS/2 ALPS DualPoint Stick: is tagged by udev as: Mouse Pointingstick
[   116.099] (II) event10 - AlpsPS/2 ALPS DualPoint Stick: device is a pointer
[   116.101] (II) config/udev: Adding input device AlpsPS/2 ALPS DualPoint Stick (/dev/input/mouse0)
[   116.101] (II) No input driver specified, ignoring this device.
[   116.101] (II) This device may have been added with another device file.
[   116.102] (II) config/udev: Adding input device AlpsPS/2 ALPS DualPoint TouchPad (/dev/input/event11)
[   116.103] (**) AlpsPS/2 ALPS DualPoint TouchPad: Applying InputClass "libinput touchpad catchall"
[   116.103] (II) Using input driver 'libinput' for 'AlpsPS/2 ALPS DualPoint TouchPad'
[   116.105] (II) systemd-logind: got fd for /dev/input/event11 13:75 fd 21 paused 0
[   116.105] (**) AlpsPS/2 ALPS DualPoint TouchPad: always reports core events
[   116.105] (**) Option "Device" "/dev/input/event11"
[   116.105] (**) Option "_source" "server/udev"
[   116.107] (II) event11 - AlpsPS/2 ALPS DualPoint TouchPad: is tagged by udev as: Touchpad
[   116.108] (II) event11 - AlpsPS/2 ALPS DualPoint TouchPad: no resolution or size hints, assuming a size of 69x50mm
[   116.186] (II) event11 - AlpsPS/2 ALPS DualPoint TouchPad: device is a touchpad
[   116.186] (II) event11 - AlpsPS/2 ALPS DualPoint TouchPad: device removed
[   116.187] (**) Option "config_info" "udev:/sys/devices/platform/i8042/serio1/input/input6/event11"
[   116.187] (II) XINPUT: Adding extended input device "AlpsPS/2 ALPS DualPoint TouchPad" (type: TOUCHPAD, id 11)
[   116.188] (**) Option "AccelerationScheme" "none"
[   116.188] (**) AlpsPS/2 ALPS DualPoint TouchPad: (accel) selected scheme none/0
[   116.188] (**) AlpsPS/2 ALPS DualPoint TouchPad: (accel) acceleration factor: 2.000
[   116.188] (**) AlpsPS/2 ALPS DualPoint TouchPad: (accel) acceleration threshold: 4
[   116.191] (II) event11 - AlpsPS/2 ALPS DualPoint TouchPad: is tagged by udev as: Touchpad
[   116.192] (II) event11 - AlpsPS/2 ALPS DualPoint TouchPad: no resolution or size hints, assuming a size of 69x50mm
[   116.213] (II) event11 - AlpsPS/2 ALPS DualPoint TouchPad: device is a touchpad
[   116.215] (II) config/udev: Adding input device AlpsPS/2 ALPS DualPoint TouchPad (/dev/input/mouse1)
[   116.215] (II) No input driver specified, ignoring this device.
[   116.215] (II) This device may have been added with another device file.
[   116.216] (II) config/udev: Adding input device PC Speaker (/dev/input/event4)
[   116.216] (II) No input driver specified, ignoring this device.
[   116.216] (II) This device may have been added with another device file.
[   116.218] (II) config/udev: Adding input device ThinkPad Extra Buttons (/dev/input/event5)
[   116.218] (**) ThinkPad Extra Buttons: Applying InputClass "libinput keyboard catchall"
[   116.218] (II) Using input driver 'libinput' for 'ThinkPad Extra Buttons'
[   116.220] (II) systemd-logind: got fd for /dev/input/event5 13:69 fd 22 paused 0
[   116.220] (**) ThinkPad Extra Buttons: always reports core events
[   116.220] (**) Option "Device" "/dev/input/event5"
[   116.220] (**) Option "_source" "server/udev"
[   116.222] (II) event5  - ThinkPad Extra Buttons: is tagged by udev as: Keyboard Switch
[   116.222] (II) event5  - ThinkPad Extra Buttons: device is a keyboard
[   116.223] (II) event5  - ThinkPad Extra Buttons: device removed
[   116.223] (**) Option "config_info" "udev:/sys/devices/platform/thinkpad_acpi/input/input7/event5"
[   116.223] (II) XINPUT: Adding extended input device "ThinkPad Extra Buttons" (type: KEYBOARD, id 12)
[   116.225] (II) event5  - ThinkPad Extra Buttons: is tagged by udev as: Keyboard Switch
[   116.225] (II) event5  - ThinkPad Extra Buttons: device is a keyboard
[   116.826] (II) modeset(0): EDID vendor "LEN", prod id 16464
[   116.826] (II) modeset(0): Printing DDC gathered Modelines:
[   116.826] (II) modeset(0): Modeline "1280x800"x0.0   69.30  1280 1304 1336 1408  800 804 808 820 -hsync -vsync (49.2 kHz eP)
[   116.826] (II) modeset(0): Modeline "1280x800"x0.0   57.80  1280 1304 1336 1408  800 804 808 820 -hsync -vsync (41.1 kHz e)
[   118.757] (II) modeset(0): EDID vendor "LEN", prod id 16464
[   118.757] (II) modeset(0): Printing DDC gathered Modelines:
[   118.757] (II) modeset(0): Modeline "1280x800"x0.0   69.30  1280 1304 1336 1408  800 804 808 820 -hsync -vsync (49.2 kHz eP)
[   118.757] (II) modeset(0): Modeline "1280x800"x0.0   57.80  1280 1304 1336 1408  800 804 808 820 -hsync -vsync (41.1 kHz e)
